2018-03-18 13:37:50,930 INFO  [Log] **************************************************************************************** 
2018-03-18 13:37:50,931 INFO  [Log] **************************************************************************************** 
2018-03-18 13:37:50,931 INFO  [Log] $$$$$$$$$$$$$$$$$$$$$                 Login_01       $$$$$$$$$$$$$$$$$$$$$$$$$ 
2018-03-18 13:37:50,931 INFO  [Log] **************************************************************************************** 
2018-03-18 13:37:50,931 INFO  [Log] **************************************************************************************** 
2018-03-18 13:37:50,933 INFO  [Log] Opening Browser 
2018-03-18 13:38:01,836 INFO  [Log] Chrome browser started 
2018-03-18 13:38:02,171 INFO  [Log] Navigating to URL 'http://automationpractice.com/index.php?controller=authentication&back=my-account' 
2018-03-18 13:38:10,293 INFO  [Log] Verifying the element 'txt_Username 
2018-03-18 13:38:11,471 INFO  [Log] Entering the text in txt_Username 
2018-03-18 13:38:11,991 INFO  [Log] Verifying the element 'txt_Password 
2018-03-18 13:38:22,062 ERROR [Log] Unable to find Webelement --- no such element: Unable to locate element: {"method":"xpath","selector":"//*[@id="pass"]"}
  (Session info: chrome=64.0.3282.186)
  (Driver info: chromedriver=2.35.528161 (5b82f2d2aae0ca24b877009200ced9065a772e73),platform=Windows NT 10.0.16299 x86_64) (WARNING: The server did not provide any stacktrace information)
Command duration or timeout: 10.02 seconds
For documentation on this error, please visit: http://seleniumhq.org/exceptions/no_such_element.html
Build info: version: '2.53.0', revision: '35ae25b1534ae328c771e0856c93e187490ca824', time: '2016-03-15 10:43:46'
System info: host: 'VENKY-PC', ip: '192.168.1.103', os.name: 'Windows 10', os.arch: 'amd64', os.version: '10.0', java.version: '1.8.0_101'
Driver info: org.openqa.selenium.chrome.ChromeDriver
Capabilities [{applicationCacheEnabled=false, rotatable=false, mobileEmulationEnabled=false, networkConnectionEnabled=false, chrome={chromedriverVersion=2.35.528161 (5b82f2d2aae0ca24b877009200ced9065a772e73), userDataDir=C:\Users\VENKAT~1\AppData\Local\Temp\scoped_dir11920_6294}, takesHeapSnapshot=true, pageLoadStrategy=normal, databaseEnabled=false, handlesAlerts=true, hasTouchScreen=false, version=64.0.3282.186, platform=XP, browserConnectionEnabled=false, nativeEvents=true, acceptSslCerts=false, acceptInsecureCerts=false, locationContextEnabled=true, webStorageEnabled=true, browserName=chrome, takesScreenshot=true, javascriptEnabled=true, cssSelectorsEnabled=true, setWindowRect=true, unexpectedAlertBehaviour=}]
Session ID: 174140b4754f89b73a8bb0a65ccff5ba
*** Element info: {Using=xpath, value=//*[@id="pass"]} 
2018-03-18 13:38:22,168 INFO  [Log] Closing the Browser 
2018-03-18 13:38:24,589 INFO  [Log] XXXXXXXXXXXXXXXXXXXXXXX             -E---N---D-             XXXXXXXXXXXXXXXXXXXXXX 
2018-03-18 13:38:24,590 INFO  [Log] X 
2018-03-18 13:38:24,590 INFO  [Log] X 
2018-03-18 13:38:24,590 INFO  [Log] X 
2018-03-18 13:38:24,590 INFO  [Log] X 
2018-03-18 13:38:25,206 INFO  [Log] **************************************************************************************** 
2018-03-18 13:38:25,206 INFO  [Log] **************************************************************************************** 
2018-03-18 13:38:25,207 INFO  [Log] $$$$$$$$$$$$$$$$$$$$$                 Verify_Account       $$$$$$$$$$$$$$$$$$$$$$$$$ 
2018-03-18 13:38:25,207 INFO  [Log] **************************************************************************************** 
2018-03-18 13:38:25,207 INFO  [Log] **************************************************************************************** 
2018-03-18 13:38:25,207 INFO  [Log] Comparing link text 'lnk_custaccount 
2018-03-18 13:38:25,208 ERROR [Log] Link text is not matching with expected value --- Session ID is null. Using WebDriver after calling quit()?
Build info: version: '2.53.0', revision: '35ae25b1534ae328c771e0856c93e187490ca824', time: '2016-03-15 10:43:46'
System info: host: 'VENKY-PC', ip: '192.168.1.103', os.name: 'Windows 10', os.arch: 'amd64', os.version: '10.0', java.version: '1.8.0_101'
Driver info: driver.version: RemoteWebDriver 
2018-03-18 13:38:25,285 INFO  [Log] Closing the Browser 
2018-03-18 13:38:25,363 INFO  [Log] XXXXXXXXXXXXXXXXXXXXXXX             -E---N---D-             XXXXXXXXXXXXXXXXXXXXXX 
2018-03-18 13:38:25,364 INFO  [Log] X 
2018-03-18 13:38:25,364 INFO  [Log] X 
2018-03-18 13:38:25,364 INFO  [Log] X 
2018-03-18 13:38:25,364 INFO  [Log] X 
2018-03-18 13:38:25,462 INFO  [Log] **************************************************************************************** 
2018-03-18 13:38:25,462 INFO  [Log] **************************************************************************************** 
2018-03-18 13:38:25,462 INFO  [Log] $$$$$$$$$$$$$$$$$$$$$                 Verify_MyAccount_Page       $$$$$$$$$$$$$$$$$$$$$$$$$ 
2018-03-18 13:38:25,462 INFO  [Log] **************************************************************************************** 
2018-03-18 13:38:25,462 INFO  [Log] **************************************************************************************** 
2018-03-18 13:38:25,462 INFO  [Log] Verifying the element 'btn_OrderHistory 
2018-03-18 13:38:25,463 ERROR [Log] Unable to find Webelement --- Session ID is null. Using WebDriver after calling quit()?
Build info: version: '2.53.0', revision: '35ae25b1534ae328c771e0856c93e187490ca824', time: '2016-03-15 10:43:46'
System info: host: 'VENKY-PC', ip: '192.168.1.103', os.name: 'Windows 10', os.arch: 'amd64', os.version: '10.0', java.version: '1.8.0_101'
Driver info: driver.version: RemoteWebDriver 
2018-03-18 13:38:25,538 INFO  [Log] Closing the Browser 
2018-03-18 13:38:25,608 INFO  [Log] XXXXXXXXXXXXXXXXXXXXXXX             -E---N---D-             XXXXXXXXXXXXXXXXXXXXXX 
2018-03-18 13:38:25,608 INFO  [Log] X 
2018-03-18 13:38:25,608 INFO  [Log] X 
2018-03-18 13:38:25,608 INFO  [Log] X 
2018-03-18 13:38:25,608 INFO  [Log] X 
2018-03-18 13:38:25,689 INFO  [Log] **************************************************************************************** 
2018-03-18 13:38:25,689 INFO  [Log] **************************************************************************************** 
2018-03-18 13:38:25,689 INFO  [Log] $$$$$$$$$$$$$$$$$$$$$                 Menu_Navigation       $$$$$$$$$$$$$$$$$$$$$$$$$ 
2018-03-18 13:38:25,690 INFO  [Log] **************************************************************************************** 
2018-03-18 13:38:25,690 INFO  [Log] **************************************************************************************** 
2018-03-18 13:38:25,690 INFO  [Log] Clicking on Webelement btn_Tshirts 
2018-03-18 13:38:25,691 ERROR [Log] Not able to click --- Session ID is null. Using WebDriver after calling quit()?
Build info: version: '2.53.0', revision: '35ae25b1534ae328c771e0856c93e187490ca824', time: '2016-03-15 10:43:46'
System info: host: 'VENKY-PC', ip: '192.168.1.103', os.name: 'Windows 10', os.arch: 'amd64', os.version: '10.0', java.version: '1.8.0_101'
Driver info: driver.version: RemoteWebDriver 
2018-03-18 13:38:25,760 INFO  [Log] Closing the Browser 
2018-03-18 13:38:25,834 INFO  [Log] XXXXXXXXXXXXXXXXXXXXXXX             -E---N---D-             XXXXXXXXXXXXXXXXXXXXXX 
2018-03-18 13:38:25,834 INFO  [Log] X 
2018-03-18 13:38:25,834 INFO  [Log] X 
2018-03-18 13:38:25,834 INFO  [Log] X 
2018-03-18 13:38:25,834 INFO  [Log] X 
2018-03-18 13:38:25,934 ERROR [Log] Class Utils | Method getCellData | Exception desc : null 
2018-03-18 13:38:25,934 INFO  [Log] **************************************************************************************** 
2018-03-18 13:38:25,934 INFO  [Log] **************************************************************************************** 
2018-03-18 13:38:25,934 INFO  [Log] $$$$$$$$$$$$$$$$$$$$$                 Logout_01       $$$$$$$$$$$$$$$$$$$$$$$$$ 
2018-03-18 13:38:25,935 INFO  [Log] **************************************************************************************** 
2018-03-18 13:38:25,935 INFO  [Log] **************************************************************************************** 
2018-03-18 13:38:25,937 INFO  [Log] Clicking on Webelement btn_Logout 
2018-03-18 13:38:25,938 ERROR [Log] Not able to click --- Session ID is null. Using WebDriver after calling quit()?
Build info: version: '2.53.0', revision: '35ae25b1534ae328c771e0856c93e187490ca824', time: '2016-03-15 10:43:46'
System info: host: 'VENKY-PC', ip: '192.168.1.103', os.name: 'Windows 10', os.arch: 'amd64', os.version: '10.0', java.version: '1.8.0_101'
Driver info: driver.version: RemoteWebDriver 
2018-03-18 13:38:26,009 INFO  [Log] Closing the Browser 
2018-03-18 13:38:26,071 INFO  [Log] XXXXXXXXXXXXXXXXXXXXXXX             -E---N---D-             XXXXXXXXXXXXXXXXXXXXXX 
2018-03-18 13:38:26,072 INFO  [Log] X 
2018-03-18 13:38:26,072 INFO  [Log] X 
2018-03-18 13:38:26,072 INFO  [Log] X 
2018-03-18 13:38:26,072 INFO  [Log] X 
